--------------
0.0.0.0/0	00:12:29
 
. 
..  AS12876
..  AS14061
..  AS16276
..  AS17974
..  AS197226
..  AS198540
..  AS23650
..  AS237
..  AS24940
..  AS25092
..  AS32097
..  AS33387
..  AS3356
..  AS36907
..  AS3786
..  AS37963
..  AS38365
..  AS4134
..  AS43765
..  AS45629
..  AS45758
..  AS4766
..  AS48006
..  AS4809
..  AS50979
..  AS51167
..  AS55967
..  AS58461
..  AS7922
..  AS8075
..  AS8369
..  AS8708
..  AS9198
..  AS9416
--------------
107.170.192.0/18	00:20:46
 
. 107.170.192.0/18
..  AS14061
--------------
112.216.0.0/13	00:12:28
 
. 112.216.0.0/13
..  AS3786
--------------
180.183.128.0/17	00:00:00
 
. 180.183.0.0/16
..  AS45629
..  AS45758
. 180.183.128.0/17
..  AS45629
--------------
195.22.126.0/23	00:12:40
 
. 195.22.126.0/23
..  AS197226
--------------
198.108.0.0/14	00:12:27
 
. 198.108.0.0/14
..  AS237
