--------------
111.184.0.0/15
w_min: 2017-08-07T12:05:50+0200 
w_max: 2017-08-07T12:05:50+0200
a_min: 2017-08-07T11:01:35+0200 
a_max: 2017-08-07T12:07:59+0200
--------------
144.217.0.0/16
w_min: 2017-08-07T07:52:49+0200 
w_max: 2017-08-07T07:52:50+0200
a_min: 2017-08-07T07:53:12+0200 
a_max: 2017-08-07T11:19:05+0200
--------------
149.56.0.0/16
w_min: 2017-08-07T07:52:49+0200 
w_max: 2017-08-07T07:52:50+0200
a_min: 2017-08-07T07:53:15+0200 
a_max: 2017-08-07T11:19:05+0200
--------------
158.69.0.0/16
w_min: 2017-08-07T07:52:50+0200 
w_max: 2017-08-07T07:52:50+0200
a_min: 2017-08-07T07:53:19+0200 
a_max: 2017-08-07T11:19:06+0200
--------------
173.212.192.0/19
w_min: 2017-08-07T03:26:00+0200 
w_max: 2017-08-07T03:26:00+0200
a_min: 2017-08-07T02:58:56+0200 
a_max: 2017-08-07T09:26:31+0200
--------------
41.205.32.0/19
w_min: 2017-08-07T19:28:25+0200 
w_max: 2017-08-07T19:28:25+0200
a_min: 2017-08-07T19:28:25+0200 
a_max: 2017-08-08T00:53:17+0200
--------------
91.200.12.0/22
w_min: 2017-08-07T12:06:18+0200 
w_max: 2017-08-07T12:06:18+0200
a_min: 2017-08-07T11:58:05+0200 
a_max: 2017-08-07T13:36:58+0200
--------------
91.236.74.0/23
w_min: 2017-08-07T12:06:18+0200 
w_max: 2017-08-07T12:06:18+0200
a_min: 2017-08-07T11:58:05+0200 
a_max: 2017-08-07T11:58:05+0200
